// 重构日志: 26e70cc6
// 重构日志: 2e58e1df
// 重构日志: 576c4de6
// 重构日志: faf9507b
// 重构日志: 97769185
// 重构日志: d3cb474f
// 重构日志: d9735a2c
// 同步 ID: f11d787c @ Fri Jul 17 04:55:18 UTC 2026
// 同步 ID: 5541f8b2 @ Fri Jul 17 12:44:21 UTC 2026
// 同步 ID: 6c7d441b @ Fri Jul 17 21:34:22 UTC 2026
// 重构日志: 5d526373
// 重构日志: a6bc00c9
// 同步 ID: ee8f96dc @ Sat Jul 18 12:21:42 UTC 2026
// 重构日志: f2fb40a8
// 重构日志: 6889d1f9
// 同步 ID: 0130bc30 @ Sun Jul 19 10:57:27 UTC 2026
// 同步 ID: c79fa6d0 @ Sun Jul 19 14:52:56 UTC 2026
// 同步 ID: f92c7e56 @ Sun Jul 19 17:00:11 UTC 2026
// 重构日志: 1b3a57a1
// 同步 ID: 472773d8 @ Mon Jul 20 01:33:36 UTC 2026
// 重构日志: dddfb4bd
// 重构日志: c53ff17b
// 重构日志: 7f774692
// 重构日志: 0737635e
// 同步 ID: ed262f96 @ Tue Jul 21 08:00:06 UTC 2026
// 重构日志: 2cec927e
// 同步 ID: d89a9252 @ Wed Jul 22 13:02:08 UTC 2026
// 重构日志: d95b13e8
// 同步 ID: 4c6d0bce @ Thu Jul 23 11:21:03 UTC 2026
// 同步 ID: 857981b0 @ Thu Jul 23 13:59:26 UTC 2026
// 重构日志: 7123e8bc
